[2018-07-07 16:08:10] Error Message: Нет соедиения с БД | File: C:\OSPanel\domains\ishop.loc\vendor\ishop\core\Db.php | Line: 14
--------------
[2018-07-08 10:13:41] Error Message: Class 'app\controllers\Cache' not found | File: C:\OSPanel\domains\ishop.loc\app\controllers\MainController.php | Line: 18
--------------
[2018-07-08 10:13:42] Error Message: Страница не найдена | File: C:\OSPanel\domains\ishop.loc\vendor\ishop\core\Router.php | Line: 39
--------------
[2018-07-08 10:26:06] Error Message: Страница не найдена | File: C:\OSPanel\domains\ishop.loc\vendor\ishop\core\Router.php | Line: 39
--------------
[2018-07-08 10:26:06] Error Message: Страница не найдена | File: C:\OSPanel\domains\ishop.loc\vendor\ishop\core\Router.php | Line: 39
--------------
[2018-07-08 10:26:06] Error Message: Страница не найдена | File: C:\OSPanel\domains\ishop.loc\vendor\ishop\core\Router.php | Line: 39
--------------
[2018-07-08 10:26:06] Error Message: Страница не найдена | File: C:\OSPanel\domains\ishop.loc\vendor\ishop\core\Router.php | Line: 39
--------------
[2018-07-08 10:26:06] Error Message: Страница не найдена | File: C:\OSPanel\domains\ishop.loc\vendor\ishop\core\Router.php | Line: 39
--------------
[2018-07-08 10:26:06] Error Message: Страница не найдена | File: C:\OSPanel\domains\ishop.loc\vendor\ishop\core\Router.php | Line: 39
--------------
[2018-07-08 10:26:06] Error Message: Страница не найдена | File: C:\OSPanel\domains\ishop.loc\vendor\ishop\core\Router.php | Line: 39
--------------
[2018-07-08 10:26:06] Error Message: Страница не найдена | File: C:\OSPanel\domains\ishop.loc\vendor\ishop\core\Router.php | Line: 39
--------------
[2018-07-08 10:26:06] Error Message: Страница не найдена | File: C:\OSPanel\domains\ishop.loc\vendor\ishop\core\Router.php | Line: 39
--------------
[2018-07-08 10:26:06] Error Message: Страница не найдена | File: C:\OSPanel\domains\ishop.loc\vendor\ishop\core\Router.php | Line: 39
--------------
[2018-07-08 10:26:06] Error Message: Страница не найдена | File: C:\OSPanel\domains\ishop.loc\vendor\ishop\core\Router.php | Line: 39
--------------
[2018-07-08 10:26:06] Error Message: Страница не найдена | File: C:\OSPanel\domains\ishop.loc\vendor\ishop\core\Router.php | Line: 39
--------------
[2018-07-08 10:26:06] Error Message: Страница не найдена | File: C:\OSPanel\domains\ishop.loc\vendor\ishop\core\Router.php | Line: 39
--------------
[2018-07-08 10:26:06] Error Message: Страница не найдена | File: C:\OSPanel\domains\ishop.loc\vendor\ishop\core\Router.php | Line: 39
--------------
[2018-07-08 10:26:06] Error Message: Страница не найдена | File: C:\OSPanel\domains\ishop.loc\vendor\ishop\core\Router.php | Line: 39
--------------
[2018-07-08 10:26:06] Error Message: Страница не найдена | File: C:\OSPanel\domains\ishop.loc\vendor\ishop\core\Router.php | Line: 39
--------------
[2018-07-08 10:26:06] Error Message: Страница не найдена | File: C:\OSPanel\domains\ishop.loc\vendor\ishop\core\Router.php | Line: 39
--------------
[2018-07-08 10:26:06] Error Message: Страница не найдена | File: C:\OSPanel\domains\ishop.loc\vendor\ishop\core\Router.php | Line: 39
--------------
[2018-07-08 10:26:06] Error Message: Страница не найдена | File: C:\OSPanel\domains\ishop.loc\vendor\ishop\core\Router.php | Line: 39
--------------
[2018-07-08 10:26:06] Error Message: Страница не найдена | File: C:\OSPanel\domains\ishop.loc\vendor\ishop\core\Router.php | Line: 39
--------------
[2018-07-08 10:26:06] Error Message: Страница не найдена | File: C:\OSPanel\domains\ishop.loc\vendor\ishop\core\Router.php | Line: 39
--------------
[2018-07-08 10:26:06] Error Message: Страница не найдена | File: C:\OSPanel\domains\ishop.loc\vendor\ishop\core\Router.php | Line: 39
--------------
[2018-07-08 10:26:06] Error Message: Страница не найдена | File: C:\OSPanel\domains\ishop.loc\vendor\ishop\core\Router.php | Line: 39
--------------
[2018-07-08 10:26:06] Error Message: Страница не найдена | File: C:\OSPanel\domains\ishop.loc\vendor\ishop\core\Router.php | Line: 39
--------------
[2018-07-08 10:26:06] Error Message: Страница не найдена | File: C:\OSPanel\domains\ishop.loc\vendor\ishop\core\Router.php | Line: 39
--------------
[2018-07-08 10:26:06] Error Message: Страница не найдена | File: C:\OSPanel\domains\ishop.loc\vendor\ishop\core\Router.php | Line: 39
--------------
[2018-07-08 10:26:06] Error Message: Страница не найдена | File: C:\OSPanel\domains\ishop.loc\vendor\ishop\core\Router.php | Line: 39
--------------
[2018-07-08 10:26:06] Error Message: Страница не найдена | File: C:\OSPanel\domains\ishop.loc\vendor\ishop\core\Router.php | Line: 39
--------------
[2018-07-08 10:26:39] Error Message: Страница не найдена | File: C:\OSPanel\domains\ishop.loc\vendor\ishop\core\Router.php | Line: 39
--------------
[2018-07-08 10:26:39] Error Message: Страница не найдена | File: C:\OSPanel\domains\ishop.loc\vendor\ishop\core\Router.php | Line: 39
--------------
[2018-07-08 10:26:39] Error Message: Страница не найдена | File: C:\OSPanel\domains\ishop.loc\vendor\ishop\core\Router.php | Line: 39
--------------
[2018-07-08 10:26:40] Error Message: Страница не найдена | File: C:\OSPanel\domains\ishop.loc\vendor\ishop\core\Router.php | Line: 39
--------------
[2018-07-08 10:26:40] Error Message: Страница не найдена | File: C:\OSPanel\domains\ishop.loc\vendor\ishop\core\Router.php | Line: 39
--------------
[2018-07-08 10:26:40] Error Message: Страница не найдена | File: C:\OSPanel\domains\ishop.loc\vendor\ishop\core\Router.php | Line: 39
--------------
[2018-07-08 10:26:40] Error Message: Страница не найдена | File: C:\OSPanel\domains\ishop.loc\vendor\ishop\core\Router.php | Line: 39
--------------
[2018-07-08 10:26:40] Error Message: Страница не найдена | File: C:\OSPanel\domains\ishop.loc\vendor\ishop\core\Router.php | Line: 39
--------------
[2018-07-08 10:26:40] Error Message: Страница не найдена | File: C:\OSPanel\domains\ishop.loc\vendor\ishop\core\Router.php | Line: 39
--------------
[2018-07-08 10:26:40] Error Message: Страница не найдена | File: C:\OSPanel\domains\ishop.loc\vendor\ishop\core\Router.php | Line: 39
--------------
[2018-07-08 10:26:40] Error Message: Страница не найдена | File: C:\OSPanel\domains\ishop.loc\vendor\ishop\core\Router.php | Line: 39
--------------
[2018-07-08 10:26:40] Error Message: Страница не найдена | File: C:\OSPanel\domains\ishop.loc\vendor\ishop\core\Router.php | Line: 39
--------------
[2018-07-08 10:26:40] Error Message: Страница не найдена | File: C:\OSPanel\domains\ishop.loc\vendor\ishop\core\Router.php | Line: 39
--------------
[2018-07-08 10:26:40] Error Message: Страница не найдена | File: C:\OSPanel\domains\ishop.loc\vendor\ishop\core\Router.php | Line: 39
--------------
[2018-07-08 10:26:40] Error Message: Страница не найдена | File: C:\OSPanel\domains\ishop.loc\vendor\ishop\core\Router.php | Line: 39
--------------
[2018-07-08 10:26:40] Error Message: Страница не найдена | File: C:\OSPanel\domains\ishop.loc\vendor\ishop\core\Router.php | Line: 39
--------------
[2018-07-08 10:26:40] Error Message: Страница не найдена | File: C:\OSPanel\domains\ishop.loc\vendor\ishop\core\Router.php | Line: 39
--------------
[2018-07-08 10:26:40] Error Message: Страница не найдена | File: C:\OSPanel\domains\ishop.loc\vendor\ishop\core\Router.php | Line: 39
--------------
[2018-07-08 10:26:40] Error Message: Страница не найдена | File: C:\OSPanel\domains\ishop.loc\vendor\ishop\core\Router.php | Line: 39
--------------
[2018-07-08 10:26:40] Error Message: Страница не найдена | File: C:\OSPanel\domains\ishop.loc\vendor\ishop\core\Router.php | Line: 39
--------------
[2018-07-08 10:26:40] Error Message: Страница не найдена | File: C:\OSPanel\domains\ishop.loc\vendor\ishop\core\Router.php | Line: 39
--------------
[2018-07-08 10:26:40] Error Message: Страница не найдена | File: C:\OSPanel\domains\ishop.loc\vendor\ishop\core\Router.php | Line: 39
--------------
[2018-07-08 10:26:40] Error Message: Страница не найдена | File: C:\OSPanel\domains\ishop.loc\vendor\ishop\core\Router.php | Line: 39
--------------
[2018-07-08 10:26:40] Error Message: Страница не найдена | File: C:\OSPanel\domains\ishop.loc\vendor\ishop\core\Router.php | Line: 39
--------------
[2018-07-08 10:26:40] Error Message: Страница не найдена | File: C:\OSPanel\domains\ishop.loc\vendor\ishop\core\Router.php | Line: 39
--------------
[2018-07-08 10:26:40] Error Message: Страница не найдена | File: C:\OSPanel\domains\ishop.loc\vendor\ishop\core\Router.php | Line: 39
--------------
[2018-07-08 10:26:40] Error Message: Страница не найдена | File: C:\OSPanel\domains\ishop.loc\vendor\ishop\core\Router.php | Line: 39
--------------
[2018-07-08 10:26:40] Error Message: Страница не найдена | File: C:\OSPanel\domains\ishop.loc\vendor\ishop\core\Router.php | Line: 39
--------------
[2018-07-08 10:26:40] Error Message: Страница не найдена | File: C:\OSPanel\domains\ishop.loc\vendor\ishop\core\Router.php | Line: 39
--------------
[2018-07-08 10:27:15] Error Message: Страница не найдена | File: C:\OSPanel\domains\ishop.loc\vendor\ishop\core\Router.php | Line: 39
--------------
[2018-07-08 10:27:15] Error Message: Страница не найдена | File: C:\OSPanel\domains\ishop.loc\vendor\ishop\core\Router.php | Line: 39
--------------
[2018-07-08 10:27:15] Error Message: Страница не найдена | File: C:\OSPanel\domains\ishop.loc\vendor\ishop\core\Router.php | Line: 39
--------------
[2018-07-08 10:27:15] Error Message: Страница не найдена | File: C:\OSPanel\domains\ishop.loc\vendor\ishop\core\Router.php | Line: 39
--------------
[2018-07-08 10:27:15] Error Message: Страница не найдена | File: C:\OSPanel\domains\ishop.loc\vendor\ishop\core\Router.php | Line: 39
--------------
[2018-07-08 10:27:15] Error Message: Страница не найдена | File: C:\OSPanel\domains\ishop.loc\vendor\ishop\core\Router.php | Line: 39
--------------
[2018-07-08 10:27:15] Error Message: Страница не найдена | File: C:\OSPanel\domains\ishop.loc\vendor\ishop\core\Router.php | Line: 39
--------------
[2018-07-08 10:27:15] Error Message: Страница не найдена | File: C:\OSPanel\domains\ishop.loc\vendor\ishop\core\Router.php | Line: 39
--------------
[2018-07-08 10:27:15] Error Message: Страница не найдена | File: C:\OSPanel\domains\ishop.loc\vendor\ishop\core\Router.php | Line: 39
--------------
[2018-07-08 10:27:15] Error Message: Страница не найдена | File: C:\OSPanel\domains\ishop.loc\vendor\ishop\core\Router.php | Line: 39
--------------
[2018-07-08 10:27:15] Error Message: Страница не найдена | File: C:\OSPanel\domains\ishop.loc\vendor\ishop\core\Router.php | Line: 39
--------------
[2018-07-08 10:27:15] Error Message: Страница не найдена | File: C:\OSPanel\domains\ishop.loc\vendor\ishop\core\Router.php | Line: 39
--------------
[2018-07-08 10:27:15] Error Message: Страница не найдена | File: C:\OSPanel\domains\ishop.loc\vendor\ishop\core\Router.php | Line: 39
--------------
[2018-07-08 10:27:15] Error Message: Страница не найдена | File: C:\OSPanel\domains\ishop.loc\vendor\ishop\core\Router.php | Line: 39
--------------
[2018-07-08 10:27:15] Error Message: Страница не найдена | File: C:\OSPanel\domains\ishop.loc\vendor\ishop\core\Router.php | Line: 39
--------------
[2018-07-08 10:27:15] Error Message: Страница не найдена | File: C:\OSPanel\domains\ishop.loc\vendor\ishop\core\Router.php | Line: 39
--------------
[2018-07-08 10:27:15] Error Message: Страница не найдена | File: C:\OSPanel\domains\ishop.loc\vendor\ishop\core\Router.php | Line: 39
--------------
[2018-07-08 10:27:15] Error Message: Страница не найдена | File: C:\OSPanel\domains\ishop.loc\vendor\ishop\core\Router.php | Line: 39
--------------
[2018-07-08 10:27:15] Error Message: Страница не найдена | File: C:\OSPanel\domains\ishop.loc\vendor\ishop\core\Router.php | Line: 39
--------------
[2018-07-08 10:27:15] Error Message: Страница не найдена | File: C:\OSPanel\domains\ishop.loc\vendor\ishop\core\Router.php | Line: 39
--------------
[2018-07-08 10:27:15] Error Message: Страница не найдена | File: C:\OSPanel\domains\ishop.loc\vendor\ishop\core\Router.php | Line: 39
--------------
[2018-07-08 10:27:15] Error Message: Страница не найдена | File: C:\OSPanel\domains\ishop.loc\vendor\ishop\core\Router.php | Line: 39
--------------
[2018-07-08 10:27:15] Error Message: Страница не найдена | File: C:\OSPanel\domains\ishop.loc\vendor\ishop\core\Router.php | Line: 39
--------------
[2018-07-08 10:27:15] Error Message: Страница не найдена | File: C:\OSPanel\domains\ishop.loc\vendor\ishop\core\Router.php | Line: 39
--------------
[2018-07-08 10:27:15] Error Message: Страница не найдена | File: C:\OSPanel\domains\ishop.loc\vendor\ishop\core\Router.php | Line: 39
--------------
[2018-07-08 10:27:15] Error Message: Страница не найдена | File: C:\OSPanel\domains\ishop.loc\vendor\ishop\core\Router.php | Line: 39
--------------
[2018-07-08 10:27:15] Error Message: Страница не найдена | File: C:\OSPanel\domains\ishop.loc\vendor\ishop\core\Router.php | Line: 39
--------------
[2018-07-08 10:27:15] Error Message: Страница не найдена | File: C:\OSPanel\domains\ishop.loc\vendor\ishop\core\Router.php | Line: 39
--------------
[2018-07-08 10:30:06] Error Message: Страница не найдена | File: C:\OSPanel\domains\ishop.loc\vendor\ishop\core\Router.php | Line: 39
--------------
[2018-07-08 10:30:26] Error Message: Страница не найдена | File: C:\OSPanel\domains\ishop.loc\vendor\ishop\core\Router.php | Line: 39
--------------
[2018-07-08 10:44:04] Error Message: Страница не найдена | File: C:\OSPanel\domains\ishop.loc\vendor\ishop\core\Router.php | Line: 39
--------------
[2018-07-08 10:44:08] Error Message: Страница не найдена | File: C:\OSPanel\domains\ishop.loc\vendor\ishop\core\Router.php | Line: 39
--------------
[2018-07-08 10:46:50] Error Message: Страница не найдена | File: C:\OSPanel\domains\ishop.loc\vendor\ishop\core\Router.php | Line: 39
--------------
[2018-07-08 10:48:07] Error Message: Страница не найдена | File: C:\OSPanel\domains\ishop.loc\vendor\ishop\core\Router.php | Line: 39
--------------
[2018-07-08 10:54:05] Error Message: Страница не найдена | File: C:\OSPanel\domains\ishop.loc\vendor\ishop\core\Router.php | Line: 39
--------------
[2018-07-08 11:25:16] Error Message: Страница не найдена | File: C:\OSPanel\domains\ishop.loc\vendor\ishop\core\Router.php | Line: 39
--------------
[2018-07-08 20:09:36] Error Message: Страница не найдена | File: C:\OSPanel\domains\ishop.loc\vendor\ishop\core\Router.php | Line: 39
--------------
[2018-07-08 20:09:51] Error Message: Страница не найдена | File: C:\OSPanel\domains\ishop.loc\vendor\ishop\core\Router.php | Line: 39
--------------
[2018-07-08 20:11:03] Error Message: Страница не найдена | File: C:\OSPanel\domains\ishop.loc\vendor\ishop\core\Router.php | Line: 39
--------------
[2018-07-08 20:12:41] Error Message: Страница не найдена | File: C:\OSPanel\domains\ishop.loc\vendor\ishop\core\Router.php | Line: 39
--------------
[2018-07-08 20:14:43] Error Message: Страница не найдена | File: C:\OSPanel\domains\ishop.loc\vendor\ishop\core\Router.php | Line: 39
--------------
[2018-07-08 20:15:02] Error Message: Страница не найдена | File: C:\OSPanel\domains\ishop.loc\vendor\ishop\core\Router.php | Line: 39
--------------
[2018-07-08 20:15:32] Error Message: syntax error, unexpected '<', expecting end of file | File: C:\OSPanel\domains\ishop.loc\app\controllers\MainController.php | Line: 21
--------------
[2018-07-08 20:15:53] Error Message: Страница не найдена | File: C:\OSPanel\domains\ishop.loc\vendor\ishop\core\Router.php | Line: 39
--------------
[2018-07-08 20:16:57] Error Message: Страница не найдена | File: C:\OSPanel\domains\ishop.loc\vendor\ishop\core\Router.php | Line: 39
--------------
[2018-07-08 20:16:57] Error Message: Страница не найдена | File: C:\OSPanel\domains\ishop.loc\vendor\ishop\core\Router.php | Line: 39
--------------
[2018-07-08 20:16:57] Error Message: Страница не найдена | File: C:\OSPanel\domains\ishop.loc\vendor\ishop\core\Router.php | Line: 39
--------------
[2018-07-08 20:18:09] Error Message: Страница не найдена | File: C:\OSPanel\domains\ishop.loc\vendor\ishop\core\Router.php | Line: 39
--------------
[2018-07-08 20:18:29] Error Message: Страница не найдена | File: C:\OSPanel\domains\ishop.loc\vendor\ishop\core\Router.php | Line: 39
--------------
[2018-07-08 20:39:56] Error Message: Страница не найдена | File: C:\OSPanel\domains\ishop.loc\vendor\ishop\core\Router.php | Line: 39
--------------
[2018-07-08 20:40:59] Error Message: Страница не найдена | File: C:\OSPanel\domains\ishop.loc\vendor\ishop\core\Router.php | Line: 39
--------------
[2018-07-08 20:49:24] Error Message: Страница не найдена | File: C:\OSPanel\domains\ishop.loc\vendor\ishop\core\Router.php | Line: 39
--------------
[2018-07-08 20:55:01] Error Message: Страница не найдена | File: C:\OSPanel\domains\ishop.loc\vendor\ishop\core\Router.php | Line: 39
--------------
[2018-07-08 20:55:40] Error Message: Страница не найдена | File: C:\OSPanel\domains\ishop.loc\vendor\ishop\core\Router.php | Line: 39
--------------
[2018-07-08 20:55:47] Error Message: Страница не найдена | File: C:\OSPanel\domains\ishop.loc\vendor\ishop\core\Router.php | Line: 39
--------------
[2018-07-08 21:21:25] Error Message: Class 'app\controllers\Currency' not found | File: C:\OSPanel\domains\ishop.loc\app\controllers\AppController.php | Line: 13
--------------
[2018-07-08 21:24:34] Error Message: Class 'app\controllers\App' not found | File: C:\OSPanel\domains\ishop.loc\app\controllers\AppController.php | Line: 14
--------------
[2018-07-08 21:58:02] Error Message: Страница не найдена | File: C:\OSPanel\domains\ishop.loc\vendor\ishop\core\Router.php | Line: 39
--------------
[2018-07-08 21:58:16] Error Message: Страница не найдена | File: C:\OSPanel\domains\ishop.loc\vendor\ishop\core\Router.php | Line: 39
--------------
[2018-07-08 21:58:51] Error Message: Страница не найдена | File: C:\OSPanel\domains\ishop.loc\vendor\ishop\core\Router.php | Line: 39
--------------
[2018-07-09 20:31:30] Error Message: Страница не найдена | File: C:\OSPanel\domains\ishop.loc\vendor\ishop\core\Router.php | Line: 39
--------------
[2018-07-09 20:33:06] Error Message: Страница не найдена | File: C:\OSPanel\domains\ishop.loc\vendor\ishop\core\Router.php | Line: 39
--------------
[2018-07-09 20:34:10] Error Message: Страница не найдена | File: C:\OSPanel\domains\ishop.loc\vendor\ishop\core\Router.php | Line: 39
--------------
[2018-07-09 20:34:43] Error Message: Страница не найдена | File: C:\OSPanel\domains\ishop.loc\vendor\ishop\core\Router.php | Line: 39
--------------
[2018-07-09 20:34:48] Error Message: Страница не найдена | File: C:\OSPanel\domains\ishop.loc\vendor\ishop\core\Router.php | Line: 39
--------------
[2018-07-09 21:05:19] Error Message: Call to undefined method ishop\Registry::getPropery() | File: C:\OSPanel\domains\ishop.loc\app\widgets\currency\Currency.php | Line: 20
--------------
[2018-07-09 21:05:19] Error Message: Страница не найдена | File: C:\OSPanel\domains\ishop.loc\vendor\ishop\core\Router.php | Line: 39
--------------
[2018-07-09 21:05:33] Error Message: Страница не найдена | File: C:\OSPanel\domains\ishop.loc\vendor\ishop\core\Router.php | Line: 39
--------------
[2018-07-09 21:05:40] Error Message: Call to undefined method ishop\Registry::getPropery() | File: C:\OSPanel\domains\ishop.loc\app\widgets\currency\Currency.php | Line: 20
--------------
[2018-07-09 21:05:40] Error Message: Страница не найдена | File: C:\OSPanel\domains\ishop.loc\vendor\ishop\core\Router.php | Line: 39
--------------
[2018-07-09 21:05:49] Error Message: Call to undefined method ishop\Registry::getPropery() | File: C:\OSPanel\domains\ishop.loc\app\widgets\currency\Currency.php | Line: 20
--------------
[2018-07-09 21:05:49] Error Message: Страница не найдена | File: C:\OSPanel\domains\ishop.loc\vendor\ishop\core\Router.php | Line: 39
--------------
[2018-07-09 21:07:11] Error Message: Страница не найдена | File: C:\OSPanel\domains\ishop.loc\vendor\ishop\core\Router.php | Line: 39
--------------
[2018-07-09 21:07:20] Error Message: Call to undefined method ishop\Registry::getPropery() | File: C:\OSPanel\domains\ishop.loc\app\widgets\currency\Currency.php | Line: 20
--------------
[2018-07-09 21:07:21] Error Message: Страница не найдена | File: C:\OSPanel\domains\ishop.loc\vendor\ishop\core\Router.php | Line: 39
--------------
[2018-07-09 21:07:45] Error Message: Call to undefined method ishop\Registry::getPropery() | File: C:\OSPanel\domains\ishop.loc\app\widgets\currency\Currency.php | Line: 20
--------------
[2018-07-09 21:07:45] Error Message: Страница не найдена | File: C:\OSPanel\domains\ishop.loc\vendor\ishop\core\Router.php | Line: 39
--------------
[2018-07-09 21:09:02] Error Message: Call to undefined method ishop\Registry::getPropery() | File: C:\OSPanel\domains\ishop.loc\app\widgets\currency\Currency.php | Line: 20
--------------
[2018-07-09 21:09:02] Error Message: Страница не найдена | File: C:\OSPanel\domains\ishop.loc\vendor\ishop\core\Router.php | Line: 39
--------------
[2018-07-09 21:09:08] Error Message: Call to undefined method ishop\Registry::getPropery() | File: C:\OSPanel\domains\ishop.loc\app\widgets\currency\Currency.php | Line: 20
--------------
[2018-07-09 21:09:08] Error Message: Страница не найдена | File: C:\OSPanel\domains\ishop.loc\vendor\ishop\core\Router.php | Line: 39
--------------
[2018-07-09 21:09:17] Error Message: Страница не найдена | File: C:\OSPanel\domains\ishop.loc\vendor\ishop\core\Router.php | Line: 39
--------------
[2018-07-09 21:09:27] Error Message: Call to undefined method ishop\Registry::getPropery() | File: C:\OSPanel\domains\ishop.loc\app\widgets\currency\Currency.php | Line: 20
--------------
[2018-07-09 21:09:27] Error Message: Страница не найдена | File: C:\OSPanel\domains\ishop.loc\vendor\ishop\core\Router.php | Line: 39
--------------
[2018-07-09 21:09:36] Error Message: Call to undefined method ishop\Registry::getPropery() | File: C:\OSPanel\domains\ishop.loc\app\widgets\currency\Currency.php | Line: 20
--------------
[2018-07-09 21:09:36] Error Message: Страница не найдена | File: C:\OSPanel\domains\ishop.loc\vendor\ishop\core\Router.php | Line: 39
--------------
[2018-07-09 21:11:27] Error Message: Страница не найдена | File: C:\OSPanel\domains\ishop.loc\vendor\ishop\core\Router.php | Line: 39
--------------
[2018-07-09 21:11:29] Error Message: Call to undefined method ishop\Registry::getPropery() | File: C:\OSPanel\domains\ishop.loc\app\widgets\currency\Currency.php | Line: 20
--------------
[2018-07-09 21:11:29] Error Message: Страница не найдена | File: C:\OSPanel\domains\ishop.loc\vendor\ishop\core\Router.php | Line: 39
--------------
[2018-07-09 21:12:07] Error Message: Call to undefined method ishop\Registry::getPropery() | File: C:\OSPanel\domains\ishop.loc\app\widgets\currency\Currency.php | Line: 20
--------------
[2018-07-09 21:12:07] Error Message: Страница не найдена | File: C:\OSPanel\domains\ishop.loc\vendor\ishop\core\Router.php | Line: 39
--------------
[2018-07-09 21:13:30] Error Message: Call to undefined method ishop\Registry::getPropery() | File: C:\OSPanel\domains\ishop.loc\app\widgets\currency\Currency.php | Line: 19
--------------
[2018-07-09 21:13:30] Error Message: Страница не найдена | File: C:\OSPanel\domains\ishop.loc\vendor\ishop\core\Router.php | Line: 39
--------------
[2018-07-09 21:14:25] Error Message: Страница не найдена | File: C:\OSPanel\domains\ishop.loc\vendor\ishop\core\Router.php | Line: 39
--------------
[2018-07-09 21:15:49] Error Message: Страница не найдена | File: C:\OSPanel\domains\ishop.loc\vendor\ishop\core\Router.php | Line: 39
--------------
[2018-07-09 21:16:33] Error Message: Страница не найдена | File: C:\OSPanel\domains\ishop.loc\vendor\ishop\core\Router.php | Line: 39
--------------
[2018-07-09 21:23:58] Error Message: Страница не найдена | File: C:\OSPanel\domains\ishop.loc\vendor\ishop\core\Router.php | Line: 39
--------------
[2018-07-09 21:24:43] Error Message: Страница не найдена | File: C:\OSPanel\domains\ishop.loc\vendor\ishop\core\Router.php | Line: 39
--------------
[2018-07-09 21:35:31] Error Message: Страница не найдена | File: C:\OSPanel\domains\ishop.loc\vendor\ishop\core\Router.php | Line: 39
--------------
[2018-07-09 21:35:35] Error Message: Страница не найдена | File: C:\OSPanel\domains\ishop.loc\vendor\ishop\core\Router.php | Line: 39
--------------
[2018-07-09 21:35:40] Error Message: Страница не найдена | File: C:\OSPanel\domains\ishop.loc\vendor\ishop\core\Router.php | Line: 39
--------------
[2018-07-09 21:35:46] Error Message: Страница не найдена | File: C:\OSPanel\domains\ishop.loc\vendor\ishop\core\Router.php | Line: 39
--------------
[2018-07-09 21:35:52] Error Message: Страница не найдена | File: C:\OSPanel\domains\ishop.loc\vendor\ishop\core\Router.php | Line: 39
--------------
[2018-07-09 21:36:27] Error Message: Страница не найдена | File: C:\OSPanel\domains\ishop.loc\vendor\ishop\core\Router.php | Line: 39
--------------
[2018-07-09 21:36:32] Error Message: Страница не найдена | File: C:\OSPanel\domains\ishop.loc\vendor\ishop\core\Router.php | Line: 39
--------------
[2018-07-09 21:36:36] Error Message: Страница не найдена | File: C:\OSPanel\domains\ishop.loc\vendor\ishop\core\Router.php | Line: 39
--------------
[2018-07-09 21:36:38] Error Message: Страница не найдена | File: C:\OSPanel\domains\ishop.loc\vendor\ishop\core\Router.php | Line: 39
--------------
[2018-07-09 21:36:40] Error Message: Страница не найдена | File: C:\OSPanel\domains\ishop.loc\vendor\ishop\core\Router.php | Line: 39
--------------
[2018-07-09 21:39:05] Error Message: Страница не найдена | File: C:\OSPanel\domains\ishop.loc\vendor\ishop\core\Router.php | Line: 39
--------------
[2018-07-09 21:41:03] Error Message: Страница не найдена | File: C:\OSPanel\domains\ishop.loc\vendor\ishop\core\Router.php | Line: 39
--------------
[2018-07-09 21:45:30] Error Message: Страница не найдена | File: C:\OSPanel\domains\ishop.loc\vendor\ishop\core\Router.php | Line: 39
--------------
[2018-07-09 21:45:57] Error Message: Страница не найдена | File: C:\OSPanel\domains\ishop.loc\vendor\ishop\core\Router.php | Line: 39
--------------
[2018-07-09 21:51:13] Error Message: Страница не найдена | File: C:\OSPanel\domains\ishop.loc\vendor\ishop\core\Router.php | Line: 39
--------------
[2018-07-09 21:51:15] Error Message: Страница не найдена | File: C:\OSPanel\domains\ishop.loc\vendor\ishop\core\Router.php | Line: 39
--------------
[2018-07-09 21:55:00] Error Message: Страница не найдена | File: C:\OSPanel\domains\ishop.loc\vendor\ishop\core\Router.php | Line: 39
--------------
[2018-07-09 21:55:05] Error Message: Страница не найдена | File: C:\OSPanel\domains\ishop.loc\vendor\ishop\core\Router.php | Line: 39
--------------
[2018-07-09 22:19:10] Error Message: syntax error, unexpected ';', expecting ']' | File: C:\OSPanel\domains\ishop.loc\app\views\layouts\watches.php | Line: 73
--------------
[2018-07-09 22:43:33] Error Message: Class 'app\controllers\Cache' not found | File: C:\OSPanel\domains\ishop.loc\app\controllers\AppController.php | Line: 24
--------------
[2018-07-09 23:01:01] Error Message: Class 'app\widgets\menu\Cache' not found | File: C:\OSPanel\domains\ishop.loc\app\widgets\menu\Menu.php | Line: 33
--------------
[2018-07-09 23:09:24] Error Message: Страница не найдена | File: C:\OSPanel\domains\ishop.loc\vendor\ishop\core\Router.php | Line: 39
--------------
[2018-07-09 23:09:27] Error Message: Страница не найдена | File: C:\OSPanel\domains\ishop.loc\vendor\ishop\core\Router.php | Line: 39
--------------
[2018-07-09 23:13:32] Error Message: Страница не найдена | File: C:\OSPanel\domains\ishop.loc\vendor\ishop\core\Router.php | Line: 39
--------------
[2018-07-09 23:13:34] Error Message: Страница не найдена | File: C:\OSPanel\domains\ishop.loc\vendor\ishop\core\Router.php | Line: 39
--------------
[2018-07-09 23:13:48] Error Message: Страница не найдена | File: C:\OSPanel\domains\ishop.loc\vendor\ishop\core\Router.php | Line: 39
--------------
[2018-07-09 23:14:32] Error Message: Страница не найдена | File: C:\OSPanel\domains\ishop.loc\vendor\ishop\core\Router.php | Line: 39
--------------
[2018-07-09 23:14:35] Error Message: Страница не найдена | File: C:\OSPanel\domains\ishop.loc\vendor\ishop\core\Router.php | Line: 39
--------------
[2018-07-09 23:14:43] Error Message: Страница не найдена | File: C:\OSPanel\domains\ishop.loc\vendor\ishop\core\Router.php | Line: 39
--------------
[2018-07-09 23:14:46] Error Message: Страница не найдена | File: C:\OSPanel\domains\ishop.loc\vendor\ishop\core\Router.php | Line: 39
--------------
[2018-07-09 23:30:30] Error Message: Too few arguments to function app\widgets\menu\Menu::getMenuHtml(), 0 passed in C:\OSPanel\domains\ishop.loc\app\widgets\menu\Menu.php on line 46 and at least 1 expected | File: C:\OSPanel\domains\ishop.loc\app\widgets\menu\Menu.php | Line: 69
--------------
[2018-07-09 23:31:09] Error Message: Страница не найдена | File: C:\OSPanel\domains\ishop.loc\vendor\ishop\core\Router.php | Line: 39
--------------
[2018-07-09 23:37:18] Error Message: Страница не найдена | File: C:\OSPanel\domains\ishop.loc\vendor\ishop\core\Router.php | Line: 39
--------------
[2018-07-09 23:38:02] Error Message: Страница не найдена | File: C:\OSPanel\domains\ishop.loc\vendor\ishop\core\Router.php | Line: 39
--------------
[2018-07-09 23:39:29] Error Message: Страница не найдена | File: C:\OSPanel\domains\ishop.loc\vendor\ishop\core\Router.php | Line: 39
--------------
[2018-07-09 23:39:49] Error Message: Страница не найдена | File: C:\OSPanel\domains\ishop.loc\vendor\ishop\core\Router.php | Line: 39
--------------
[2018-07-09 23:40:08] Error Message: Страница не найдена | File: C:\OSPanel\domains\ishop.loc\vendor\ishop\core\Router.php | Line: 39
--------------
[2018-07-09 23:42:10] Error Message: Страница не найдена | File: C:\OSPanel\domains\ishop.loc\vendor\ishop\core\Router.php | Line: 39
--------------
[2018-07-09 23:42:28] Error Message: Страница не найдена | File: C:\OSPanel\domains\ishop.loc\vendor\ishop\core\Router.php | Line: 39
--------------
[2018-07-09 23:42:33] Error Message: Страница не найдена | File: C:\OSPanel\domains\ishop.loc\vendor\ishop\core\Router.php | Line: 39
--------------
[2018-07-09 23:43:27] Error Message: Страница не найдена | File: C:\OSPanel\domains\ishop.loc\vendor\ishop\core\Router.php | Line: 39
--------------
[2018-07-09 23:44:36] Error Message: Страница не найдена | File: C:\OSPanel\domains\ishop.loc\vendor\ishop\core\Router.php | Line: 39
--------------
[2018-07-09 23:44:49] Error Message: Страница не найдена | File: C:\OSPanel\domains\ishop.loc\vendor\ishop\core\Router.php | Line: 39
--------------
[2018-07-09 23:45:32] Error Message: Страница не найдена | File: C:\OSPanel\domains\ishop.loc\vendor\ishop\core\Router.php | Line: 39
--------------
[2018-07-09 23:46:59] Error Message: Страница не найдена | File: C:\OSPanel\domains\ishop.loc\vendor\ishop\core\Router.php | Line: 39
--------------
[2018-07-09 23:47:02] Error Message: Страница не найдена | File: C:\OSPanel\domains\ishop.loc\vendor\ishop\core\Router.php | Line: 39
--------------
[2018-07-09 23:49:27] Error Message: Страница не найдена | File: C:\OSPanel\domains\ishop.loc\vendor\ishop\core\Router.php | Line: 39
--------------
[2018-07-09 23:50:24] Error Message: Страница не найдена | File: C:\OSPanel\domains\ishop.loc\vendor\ishop\core\Router.php | Line: 39
--------------
[2018-07-09 23:50:32] Error Message: Страница не найдена | File: C:\OSPanel\domains\ishop.loc\vendor\ishop\core\Router.php | Line: 39
--------------
[2018-07-09 23:50:39] Error Message: Страница не найдена | File: C:\OSPanel\domains\ishop.loc\vendor\ishop\core\Router.php | Line: 39
--------------
[2018-07-09 23:51:42] Error Message: Страница не найдена | File: C:\OSPanel\domains\ishop.loc\vendor\ishop\core\Router.php | Line: 39
--------------
[2018-07-09 23:52:29] Error Message: Страница не найдена | File: C:\OSPanel\domains\ishop.loc\vendor\ishop\core\Router.php | Line: 39
--------------
[2018-07-10 00:03:20] Error Message: Страница не найдена | File: C:\OSPanel\domains\ishop.loc\vendor\ishop\core\Router.php | Line: 39
--------------
[2018-07-10 00:03:38] Error Message: Контроллер app\controllers\CategoryController не найден | File: C:\OSPanel\domains\ishop.loc\vendor\ishop\core\Router.php | Line: 36
--------------
[2018-07-10 00:03:41] Error Message: Страница не найдена | File: C:\OSPanel\domains\ishop.loc\vendor\ishop\core\Router.php | Line: 39
--------------
[2018-07-10 00:03:42] Error Message: Страница не найдена | File: C:\OSPanel\domains\ishop.loc\vendor\ishop\core\Router.php | Line: 39
--------------
[2018-07-10 00:04:37] Error Message: Контроллер app\controllers\CategoryController не найден | File: C:\OSPanel\domains\ishop.loc\vendor\ishop\core\Router.php | Line: 36
--------------
[2018-07-10 00:09:23] Error Message: Страница не найдена | File: C:\OSPanel\domains\ishop.loc\vendor\ishop\core\Router.php | Line: 39
--------------
[2018-07-10 00:11:00] Error Message: Страница не найдена | File: C:\OSPanel\domains\ishop.loc\vendor\ishop\core\Router.php | Line: 39
--------------
